Determining if the pthread_create exist failed with the following output:
Change Dir: /home/badmin/Documents/School/471/FP/vis/build/CMakeFiles/CMakeTmp

Run Build Command:"/bin/make" "cmTC_e1533/fast"
/bin/make -f CMakeFiles/cmTC_e1533.dir/build.make CMakeFiles/cmTC_e1533.dir/build
make[1]: Entering directory '/home/badmin/Documents/School/471/FP/vis/build/CMakeFiles/CMakeTmp'
Building CXX object CMakeFiles/cmTC_e1533.dir/CheckSymbolExists.cxx.o
/bin/c++     -std=gnu++0x    -o CMakeFiles/cmTC_e1533.dir/CheckSymbolExists.cxx.o -c /home/badmin/Documents/School/471/FP/vis/build/CMakeFiles/CMakeTmp/CheckSymbolExists.cxx
Linking CXX executable cmTC_e1533
/usr/bin/cmake -E cmake_link_script CMakeFiles/cmTC_e1533.dir/link.txt --verbose=1
/bin/c++    -std=gnu++0x     CMakeFiles/cmTC_e1533.dir/CheckSymbolExists.cxx.o  -o cmTC_e1533 -rdynamic 
CMakeFiles/cmTC_e1533.dir/CheckSymbolExists.cxx.o: In function `main':
CheckSymbolExists.cxx:(.text+0x16): undefined reference to `pthread_create'
collect2: error: ld returned 1 exit status
CMakeFiles/cmTC_e1533.dir/build.make:97: recipe for target 'cmTC_e1533' failed
make[1]: *** [cmTC_e1533] Error 1
make[1]: Leaving directory '/home/badmin/Documents/School/471/FP/vis/build/CMakeFiles/CMakeTmp'
Makefile:126: recipe for target 'cmTC_e1533/fast' failed
make: *** [cmTC_e1533/fast] Error 2

File /home/badmin/Documents/School/471/FP/vis/build/CMakeFiles/CMakeTmp/CheckSymbolExists.cxx:
/* */
#include <pthread.h>

int main(int argc, char** argv)
{
  (void)argv;
#ifndef pthread_create
  return ((int*)(&pthread_create))[argc];
#else
  (void)argc;
  return 0;
#endif
}

